c:\users\alfa\source\repos\alfa-back-console\alfa-back-console\x64\debug\alfa-back-console.pch
c:\users\alfa\source\repos\alfa-back-console\alfa-back-console\x64\debug\vc141.pdb
c:\users\alfa\source\repos\alfa-back-console\alfa-back-console\x64\debug\vc141.idb
c:\users\alfa\source\repos\alfa-back-console\alfa-back-console\x64\debug\stdafx.obj
c:\users\alfa\source\repos\alfa-back-console\alfa-back-console\x64\debug\zutat.obj
c:\users\alfa\source\repos\alfa-back-console\alfa-back-console\x64\debug\rezept.obj
c:\users\alfa\source\repos\alfa-back-console\alfa-back-console\x64\debug\readconfig.obj
c:\users\alfa\source\repos\alfa-back-console\alfa-back-console\x64\debug\plaetzchenautomat.obj
c:\users\alfa\source\repos\alfa-back-console\alfa-back-console\x64\debug\parameterliste.obj
c:\users\alfa\source\repos\alfa-back-console\alfa-back-console\x64\debug\ofensteuerung.obj
c:\users\alfa\source\repos\alfa-back-console\alfa-back-console\x64\debug\ofen.obj
c:\users\alfa\source\repos\alfa-back-console\alfa-back-console\x64\debug\blech.obj
c:\users\alfa\source\repos\alfa-back-console\alfa-back-console\x64\debug\bandsteuerung.obj
c:\users\alfa\source\repos\alfa-back-console\alfa-back-console\x64\debug\band.obj
c:\users\alfa\source\repos\alfa-back-console\alfa-back-console\x64\debug\automatsteuerung.obj
c:\users\alfa\source\repos\alfa-back-console\alfa-back-console\x64\debug\ausnahmenundthreadsmon.obj
c:\users\alfa\source\repos\alfa-back-console\alfa-back-console\x64\debug\alfa-back-console.obj
c:\users\alfa\source\repos\alfa-back-console\alfa-back-console\x64\debug\lagerverwaltung.obj
c:\users\alfa\source\repos\alfa-back-console\x64\debug\alfa-back-console.pdb
c:\users\alfa\source\repos\alfa-back-console\x64\debug\alfa-back-console.exe
c:\users\alfa\source\repos\alfa-back-console\x64\debug\alfa-back-console.ilk
c:\users\alfa\source\repos\alfa-back-console\alfa-back-console\x64\debug\alfa-bac.532fa773.tlog\cl.command.1.tlog
c:\users\alfa\source\repos\alfa-back-console\alfa-back-console\x64\debug\alfa-bac.532fa773.tlog\cl.read.1.tlog
c:\users\alfa\source\repos\alfa-back-console\alfa-back-console\x64\debug\alfa-bac.532fa773.tlog\cl.write.1.tlog
c:\users\alfa\source\repos\alfa-back-console\alfa-back-console\x64\debug\alfa-bac.532fa773.tlog\link.command.1.tlog
c:\users\alfa\source\repos\alfa-back-console\alfa-back-console\x64\debug\alfa-bac.532fa773.tlog\link.read.1.tlog
c:\users\alfa\source\repos\alfa-back-console\alfa-back-console\x64\debug\alfa-bac.532fa773.tlog\link.write.1.tlog
